<?xml version="1.0" encoding="UTF-8"?>
<testng-results ignored="0" total="1" passed="1" failed="0" skipped="0">
  <reporter-output>
  </reporter-output>
  <suite started-at="2022-10-02T12:57:55 IST" name="Default suite" finished-at="2022-10-02T12:58:17 IST" duration-ms="22416">
    <groups>
    </groups>
    <test started-at="2022-10-02T12:57:55 IST" name="Default test" finished-at="2022-10-02T12:58:17 IST" duration-ms="22416">
      <class name="Testcases.VerifyBrokenLink">
        <test-method is-config="true" signature="LaunchBrowser()[pri:0, instance:Testcases.VerifyBrokenLink@402bba4f]" started-at="2022-10-02T12:57:55 IST" name="LaunchBrowser" finished-at="2022-10-02T12:58:06 IST" duration-ms="11605" status="PASS">
          <reporter-output>
          </reporter-output>
        </test-method> <!-- LaunchBrowser -->
        <test-method signature="BrokenLink()[pri:0, instance:Testcases.VerifyBrokenLink@402bba4f]" started-at="2022-10-02T12:58:06 IST" name="BrokenLink" finished-at="2022-10-02T12:58:17 IST" duration-ms="10749" status="PASS">
          <reporter-output>
          </reporter-output>
        </test-method> <!-- BrokenLink -->
      </class> <!-- Testcases.VerifyBrokenLink -->
    </test> <!-- Default test -->
  </suite> <!-- Default suite -->
</testng-results>
