<?xml version="1.0" encoding="UTF-8"?>
<testng-results ignored="0" total="1" passed="1" failed="0" skipped="0">
  <reporter-output>
  </reporter-output>
  <suite started-at="2022-10-02T11:32:29 IST" name="Default suite" finished-at="2022-10-02T11:32:41 IST" duration-ms="11956">
    <groups>
    </groups>
    <test started-at="2022-10-02T11:32:29 IST" name="Default test" finished-at="2022-10-02T11:32:41 IST" duration-ms="11956">
      <class name="Testcases.VerifySignupPage">
        <test-method is-config="true" signature="LaunchBrowser()[pri:0, instance:Testcases.VerifySignupPage@402bba4f]" started-at="2022-10-02T11:32:29 IST" name="LaunchBrowser" finished-at="2022-10-02T11:32:39 IST" duration-ms="9992" status="PASS">
          <reporter-output>
          </reporter-output>
        </test-method> <!-- LaunchBrowser -->
        <test-method signature="Register()[pri:0, instance:Testcases.VerifySignupPage@402bba4f]" started-at="2022-10-02T11:32:39 IST" name="Register" finished-at="2022-10-02T11:32:41 IST" duration-ms="1875" status="PASS">
          <reporter-output>
          </reporter-output>
        </test-method> <!-- Register -->
      </class> <!-- Testcases.VerifySignupPage -->
    </test> <!-- Default test -->
  </suite> <!-- Default suite -->
</testng-results>
